<?xml version="1.0" encoding="UTF-8"?>
<testng-results ignored="0" total="2" passed="2" failed="0" skipped="0">
  <reporter-output>
  </reporter-output>
  <suite started-at="2025-12-29T14:04:48 IST" name="Suite" finished-at="2025-12-29T14:05:17 IST" duration-ms="28264">
    <groups>
    </groups>
    <test started-at="2025-12-29T14:04:48 IST" name="Test" finished-at="2025-12-29T14:05:17 IST" duration-ms="28264">
      <class name="test.PurchaseFlowTest">
        <test-method is-config="true" signature="launchApp()[pri:0, instance:test.PurchaseFlowTest@333291e3]" started-at="2025-12-29T14:04:50 IST" name="launchApp" finished-at="2025-12-29T14:04:54 IST" duration-ms="4587" status="PASS">
          <reporter-output>
          </reporter-output>
        </test-method> <!-- launchApp -->
        <test-method signature="testCompletePurchaseFlow(java.lang.String,java.lang.String,java.lang.String,java.lang.String,java.lang.String)[pri:0, instance:test.PurchaseFlowTest@333291e3]" started-at="2025-12-29T14:04:54 IST" name="testCompletePurchaseFlow" data-provider="purchaseData" finished-at="2025-12-29T14:05:02 IST" duration-ms="7794" status="PASS">
          <params>
            <param index="0">
              <value>
                <![CDATA[standard_user]]>
              </value>
            </param>
            <param index="1">
              <value>
                <![CDATA[secret_sauce]]>
              </value>
            </param>
            <param index="2">
              <value>
                <![CDATA[Vishakha]]>
              </value>
            </param>
            <param index="3">
              <value>
                <![CDATA[Zalke]]>
              </value>
            </param>
            <param index="4">
              <value>
                <![CDATA[400705]]>
              </value>
            </param>
          </params>
          <reporter-output>
          </reporter-output>
        </test-method> <!-- testCompletePurchaseFlow -->
        <test-method is-config="true" signature="tearDown()[pri:0, instance:test.PurchaseFlowTest@333291e3]" started-at="2025-12-29T14:05:02 IST" name="tearDown" finished-at="2025-12-29T14:05:02 IST" duration-ms="201" status="PASS">
          <reporter-output>
          </reporter-output>
        </test-method> <!-- tearDown -->
        <test-method is-config="true" signature="launchApp()[pri:0, instance:test.PurchaseFlowTest@333291e3]" started-at="2025-12-29T14:05:02 IST" name="launchApp" finished-at="2025-12-29T14:05:05 IST" duration-ms="2655" status="PASS">
          <reporter-output>
          </reporter-output>
        </test-method> <!-- launchApp -->
        <test-method signature="testCompletePurchaseFlow(java.lang.String,java.lang.String,java.lang.String,java.lang.String,java.lang.String)[pri:0, instance:test.PurchaseFlowTest@333291e3]" started-at="2025-12-29T14:05:05 IST" name="testCompletePurchaseFlow" data-provider="purchaseData" finished-at="2025-12-29T14:05:16 IST" duration-ms="11481" status="PASS">
          <params>
            <param index="0">
              <value>
                <![CDATA[performance_glitch_user]]>
              </value>
            </param>
            <param index="1">
              <value>
                <![CDATA[secret_sauce]]>
              </value>
            </param>
            <param index="2">
              <value>
                <![CDATA[Rushikesh]]>
              </value>
            </param>
            <param index="3">
              <value>
                <![CDATA[Sherkar]]>
              </value>
            </param>
            <param index="4">
              <value>
                <![CDATA[400705]]>
              </value>
            </param>
          </params>
          <reporter-output>
          </reporter-output>
        </test-method> <!-- testCompletePurchaseFlow -->
        <test-method is-config="true" signature="tearDown()[pri:0, instance:test.PurchaseFlowTest@333291e3]" started-at="2025-12-29T14:05:16 IST" name="tearDown" finished-at="2025-12-29T14:05:17 IST" duration-ms="205" status="PASS">
          <reporter-output>
          </reporter-output>
        </test-method> <!-- tearDown -->
      </class> <!-- test.PurchaseFlowTest -->
    </test> <!-- Test -->
  </suite> <!-- Suite -->
</testng-results>
